# JRE version: Java(TM) SE Runtime Environment (8.0_65-b17) (build 1.8.0_65-b17)
# Java VM: Java HotSpot(TM) 64-Bit Server VM (25.65-b01 mixed mode windows-amd64 compressed oops)
Heap:
 PSYoungGen      total 250368K, used 88666K [0x000000076b400000, 0x000000077bc00000, 0x00000007c0000000)
  eden space 231424K, 38% used [0x000000076b400000,0x0000000770a96b68,0x0000000779600000)
  from space 18944K, 0% used [0x000000077a980000,0x000000077a980000,0x000000077bc00000)
  to   space 19456K, 0% used [0x0000000779600000,0x0000000779600000,0x000000077a900000)
 ParOldGen       total 218112K, used 26518K [0x00000006c1c00000, 0x00000006cf100000, 0x000000076b400000)
  object space 218112K, 12% used [0x00000006c1c00000,0x00000006c35e5a28,0x00000006cf100000)
 Metaspace       used 62890K, capacity 65774K, committed 66008K, reserved 1105920K
  class space    used 8466K, capacity 8916K, committed 8920K, reserved 1048576K
GC Heap History (10 events):
Event: 3.145 GC heap before
{Heap before GC invocations=7 (full 1):
 PSYoungGen      total 135680K, used 89072K [0x000000076b400000, 0x0000000776680000, 0x00000007c0000000)
  eden space 124928K, 62% used [0x000000076b400000,0x000000077008af28,0x0000000772e00000)
  from space 10752K, 99% used [0x0000000772e00000,0x0000000773871428,0x0000000773880000)
  to   space 12800K, 0% used [0x0000000775a00000,0x0000000775a00000,0x0000000776680000)
 ParOldGen       total 101376K, used 6651K [0x00000006c1c00000, 0x00000006c7f00000, 0x000000076b400000)
  object space 101376K, 6% used [0x00000006c1c00000,0x00000006c227efc0,0x00000006c7f00000)
 Metaspace       used 33664K, capacity 35262K, committed 35416K, reserved 1079296K
  class space    used 4316K, capacity 4613K, committed 4696K, reserved 1048576K
Event: 3.167 GC heap after
Heap after GC invocations=7 (full 1):
 PSYoungGen      total 167424K, used 12769K [0x000000076b400000, 0x0000000779380000, 0x00000007c0000000)
  eden space 154624K, 0% used [0x000000076b400000,0x000000076b400000,0x0000000774b00000)
  from space 12800K, 99% used [0x0000000775a00000,0x00000007766785d8,0x0000000776680000)
  to   space 15360K, 0% used [0x0000000774b00000,0x0000000774b00000,0x0000000775a00000)
 ParOldGen       total 101376K, used 7831K [0x00000006c1c00000, 0x00000006c7f00000, 0x000000076b400000)
  object space 101376K, 7% used [0x00000006c1c00000,0x00000006c23a5f80,0x00000006c7f00000)
 Metaspace       used 33664K, capacity 35262K, committed 35416K, reserved 1079296K
  class space    used 4316K, capacity 4613K, committed 4696K, reserved 1048576K
}
Event: 3.167 GC heap before
{Heap before GC invocations=8 (full 2):
 PSYoungGen      total 167424K, used 12769K [0x000000076b400000, 0x0000000779380000, 0x00000007c0000000)
  eden space 154624K, 0% used [0x000000076b400000,0x000000076b400000,0x0000000774b00000)
  from space 12800K, 99% used [0x0000000775a00000,0x00000007766785d8,0x0000000776680000)
  to   space 15360K, 0% used [0x0000000774b00000,0x0000000774b00000,0x0000000775a00000)
 ParOldGen       total 101376K, used 7831K [0x00000006c1c00000, 0x00000006c7f00000, 0x000000076b400000)
  object space 101376K, 7% used [0x00000006c1c00000,0x00000006c23a5f80,0x00000006c7f00000)
 Metaspace       used 33664K, capacity 35262K, committed 35416K, reserved 1079296K
  class space    used 4316K, capacity 4613K, committed 4696K, reserved 1048576K
Event: 3.213 GC heap after
Heap after GC invocations=8 (full 2):
 PSYoungGen      total 167424K, used 0K [0x000000076b400000, 0x0000000779380000, 0x00000007c0000000)
  eden space 154624K, 0% used [0x000000076b400000,0x000000076b400000,0x0000000774b00000)
  from space 12800K, 0% used [0x0000000775a00000,0x0000000775a00000,0x0000000776680000)
  to   space 15360K, 0% used [0x0000000774b00000,0x0000000774b00000,0x0000000775a00000)
 ParOldGen       total 158208K, used 18511K [0x00000006c1c00000, 0x00000006cb680000, 0x000000076b400000)
  object space 158208K, 11% used [0x00000006c1c00000,0x00000006c2e13e80,0x00000006cb680000)
 Metaspace       used 33664K, capacity 35262K, committed 35416K, reserved 1079296K
  class space    used 4316K, capacity 4613K, committed 4696K, reserved 1048576K
}
Event: 5.176 GC heap before
{Heap before GC invocations=9 (full 2):
 PSYoungGen      total 167424K, used 154624K [0x000000076b400000, 0x0000000779380000, 0x00000007c0000000)
  eden space 154624K, 100% used [0x000000076b400000,0x0000000774b00000,0x0000000774b00000)
  from space 12800K, 0% used [0x0000000775a00000,0x0000000775a00000,0x0000000776680000)
  to   space 15360K, 0% used [0x0000000774b00000,0x0000000774b00000,0x0000000775a00000)
 ParOldGen       total 158208K, used 18511K [0x00000006c1c00000, 0x00000006cb680000, 0x000000076b400000)
  object space 158208K, 11% used [0x00000006c1c00000,0x00000006c2e13e80,0x00000006cb680000)
 Metaspace       used 52247K, capacity 54522K, committed 54744K, reserved 1095680K
  class space    used 7116K, capacity 7517K, committed 7640K, reserved 1048576K
Event: 5.194 GC heap after
Heap after GC invocations=9 (full 2):
 PSYoungGen      total 169984K, used 15345K [0x000000076b400000, 0x000000077bd00000, 0x00000007c0000000)
  eden space 154624K, 0% used [0x000000076b400000,0x000000076b400000,0x0000000774b00000)
  from space 15360K, 99% used [0x0000000774b00000,0x00000007759fc7b8,0x0000000775a00000)
  to   space 19968K, 0% used [0x000000077a980000,0x000000077a980000,0x000000077bd00000)
 ParOldGen       total 158208K, used 22891K [0x00000006c1c00000, 0x00000006cb680000, 0x000000076b400000)
  object space 158208K, 14% used [0x00000006c1c00000,0x00000006c325ae50,0x00000006cb680000)
 Metaspace       used 52247K, capacity 54522K, committed 54744K, reserved 1095680K
  class space    used 7116K, capacity 7517K, committed 7640K, reserved 1048576K
}
Event: 5.814 GC heap before
{Heap before GC invocations=10 (full 2):
 PSYoungGen      total 169984K, used 73432K [0x000000076b400000, 0x000000077bd00000, 0x00000007c0000000)
  eden space 154624K, 37% used [0x000000076b400000,0x000000076ecb98f0,0x0000000774b00000)
  from space 15360K, 99% used [0x0000000774b00000,0x00000007759fc7b8,0x0000000775a00000)
  to   space 19968K, 0% used [0x000000077a980000,0x000000077a980000,0x000000077bd00000)
 ParOldGen       total 158208K, used 22891K [0x00000006c1c00000, 0x00000006cb680000, 0x000000076b400000)
  object space 158208K, 14% used [0x00000006c1c00000,0x00000006c325ae50,0x00000006cb680000)
 Metaspace       used 56560K, capacity 58916K, committed 58968K, reserved 1099776K
  class space    used 7624K, capacity 8024K, committed 8024K, reserved 1048576K
Event: 5.827 GC heap after
Heap after GC invocations=10 (full 2):
 PSYoungGen      total 250368K, used 11016K [0x000000076b400000, 0x000000077bc00000, 0x00000007c0000000)
  eden space 231424K, 0% used [0x000000076b400000,0x000000076b400000,0x0000000779600000)
  from space 18944K, 58% used [0x000000077a980000,0x000000077b4420e8,0x000000077bc00000)
  to   space 19456K, 0% used [0x0000000779600000,0x0000000779600000,0x000000077a900000)
 ParOldGen       total 158208K, used 22899K [0x00000006c1c00000, 0x00000006cb680000, 0x000000076b400000)
  object space 158208K, 14% used [0x00000006c1c00000,0x00000006c325ce50,0x00000006cb680000)
 Metaspace       used 56560K, capacity 58916K, committed 58968K, reserved 1099776K
  class space    used 7624K, capacity 8024K, committed 8024K, reserved 1048576K
}
Event: 5.827 GC heap before
{Heap before GC invocations=11 (full 3):
 PSYoungGen      total 250368K, used 11016K [0x000000076b400000, 0x000000077bc00000, 0x00000007c0000000)
  eden space 231424K, 0% used [0x000000076b400000,0x000000076b400000,0x0000000779600000)
  from space 18944K, 58% used [0x000000077a980000,0x000000077b4420e8,0x000000077bc00000)
  to   space 19456K, 0% used [0x0000000779600000,0x0000000779600000,0x000000077a900000)
 ParOldGen       total 158208K, used 22899K [0x00000006c1c00000, 0x00000006cb680000, 0x000000076b400000)
  object space 158208K, 14% used [0x00000006c1c00000,0x00000006c325ce50,0x00000006cb680000)
 Metaspace       used 56560K, capacity 58916K, committed 58968K, reserved 1099776K
  class space    used 7624K, capacity 8024K, committed 8024K, reserved 1048576K
Event: 5.963 GC heap after
Heap after GC invocations=11 (full 3):
 PSYoungGen      total 250368K, used 0K [0x000000076b400000, 0x000000077bc00000, 0x00000007c0000000)
  eden space 231424K, 0% used [0x000000076b400000,0x000000076b400000,0x0000000779600000)
  from space 18944K, 0% used [0x000000077a980000,0x000000077a980000,0x000000077bc00000)
  to   space 19456K, 0% used [0x0000000779600000,0x0000000779600000,0x000000077a900000)
 ParOldGen       total 218112K, used 26518K [0x00000006c1c00000, 0x00000006cf100000, 0x000000076b400000)
  object space 218112K, 12% used [0x00000006c1c00000,0x00000006c35e5a28,0x00000006cf100000)
 Metaspace       used 56560K, capacity 58916K, committed 58968K, reserved 1099776K
  class space    used 7624K, capacity 8024K, committed 8024K, reserved 1048576K
}

